{"/Users/alissonaoki/repo/crud_api/src/adapters/presentation/controllers/register-user-controller.ts": {"path":"/Users/alissonaoki/repo/crud_api/src/adapters/presentation/controllers/register-user-controller.ts","statementMap":{"0":{"start":{"line":2,"column":0},"end":{"line":2,"column":77}},"1":{"start":{"line":3,"column":0},"end":{"line":3,"column":67}},"2":{"start":{"line":14,"column":4},"end":{"line":14,"column":null}},"3":{"start":{"line":15,"column":4},"end":{"line":15,"column":null}},"4":{"start":{"line":19,"column":4},"end":{"line":36,"column":null}},"5":{"start":{"line":20,"column":6},"end":{"line":23,"column":null}},"6":{"start":{"line":21,"column":22},"end":{"line":21,"column":63}},"7":{"start":{"line":22,"column":8},"end":{"line":22,"column":null}},"8":{"start":{"line":24,"column":23},"end":{"line":24,"column":85}},"9":{"start":{"line":25,"column":57},"end":{"line":25,"column":116}},"10":{"start":{"line":26,"column":6},"end":{"line":28,"column":null}},"11":{"start":{"line":27,"column":8},"end":{"line":27,"column":null}},"12":{"start":{"line":29,"column":51},"end":{"line":29,"column":112}},"13":{"start":{"line":30,"column":6},"end":{"line":32,"column":null}},"14":{"start":{"line":31,"column":8},"end":{"line":31,"column":null}},"15":{"start":{"line":33,"column":6},"end":{"line":33,"column":null}},"16":{"start":{"line":35,"column":6},"end":{"line":35,"column":null}},"17":{"start":{"line":9,"column":0},"end":{"line":9,"column":13}}},"fnMap":{"0":{"name":"(anonymous_0)","decl":{"start":{"line":13,"column":2},"end":{"line":13,"column":15}},"loc":{"start":{"line":13,"column":69},"end":{"line":16,"column":3}}},"1":{"name":"(anonymous_1)","decl":{"start":{"line":18,"column":2},"end":{"line":18,"column":7}},"loc":{"start":{"line":18,"column":40},"end":{"line":37,"column":3}}}},"branchMap":{"0":{"loc":{"start":{"line":20,"column":6},"end":{"line":23,"column":null}},"type":"if","locations":[{"start":{"line":20,"column":6},"end":{"line":23,"column":null}}]},"1":{"loc":{"start":{"line":20,"column":10},"end":{"line":20,"column":59}},"type":"binary-expr","locations":[{"start":{"line":20,"column":10},"end":{"line":20,"column":32}},{"start":{"line":20,"column":36},"end":{"line":20,"column":59}}]},"2":{"loc":{"start":{"line":21,"column":22},"end":{"line":21,"column":63}},"type":"cond-expr","locations":[{"start":{"line":21,"column":47},"end":{"line":21,"column":53}},{"start":{"line":21,"column":56},"end":{"line":21,"column":63}}]},"3":{"loc":{"start":{"line":26,"column":6},"end":{"line":28,"column":null}},"type":"if","locations":[{"start":{"line":26,"column":6},"end":{"line":28,"column":null}}]},"4":{"loc":{"start":{"line":30,"column":6},"end":{"line":32,"column":null}},"type":"if","locations":[{"start":{"line":30,"column":6},"end":{"line":32,"column":null}}]}},"s":{"0":5,"1":5,"2":12,"3":12,"4":9,"5":9,"6":2,"7":2,"8":7,"9":7,"10":6,"11":2,"12":4,"13":3,"14":0,"15":3,"16":2,"17":5},"f":{"0":12,"1":9},"b":{"0":[2],"1":[9,8],"2":[1,1],"3":[2],"4":[0]}}
,"/Users/alissonaoki/repo/crud_api/src/adapters/presentation/controllers/errors/index.ts": {"path":"/Users/alissonaoki/repo/crud_api/src/adapters/presentation/controllers/errors/index.ts","statementMap":{"0":{"start":{"line":1,"column":0},"end":{"line":1,"column":37}},"1":{"start":{"line":2,"column":0},"end":{"line":2,"column":30}}},"fnMap":{},"branchMap":{},"s":{"0":1,"1":1},"f":{},"b":{}}
,"/Users/alissonaoki/repo/crud_api/src/adapters/presentation/controllers/errors/missing-param-error.ts": {"path":"/Users/alissonaoki/repo/crud_api/src/adapters/presentation/controllers/errors/missing-param-error.ts","statementMap":{"0":{"start":{"line":3,"column":4},"end":{"line":3,"column":null}},"1":{"start":{"line":4,"column":4},"end":{"line":4,"column":null}},"2":{"start":{"line":1,"column":0},"end":{"line":1,"column":13}}},"fnMap":{"0":{"name":"(anonymous_0)","decl":{"start":{"line":2,"column":2},"end":{"line":2,"column":15}},"loc":{"start":{"line":2,"column":32},"end":{"line":5,"column":3}}}},"branchMap":{},"s":{"0":4,"1":4,"2":5},"f":{"0":4},"b":{}}
,"/Users/alissonaoki/repo/crud_api/src/adapters/presentation/controllers/errors/server-error.ts": {"path":"/Users/alissonaoki/repo/crud_api/src/adapters/presentation/controllers/errors/server-error.ts","statementMap":{"0":{"start":{"line":3,"column":4},"end":{"line":3,"column":null}},"1":{"start":{"line":4,"column":4},"end":{"line":4,"column":null}},"2":{"start":{"line":1,"column":0},"end":{"line":1,"column":13}}},"fnMap":{"0":{"name":"(anonymous_0)","decl":{"start":{"line":2,"column":2},"end":{"line":2,"column":15}},"loc":{"start":{"line":2,"column":29},"end":{"line":5,"column":3}}}},"branchMap":{},"s":{"0":2,"1":2,"2":5},"f":{"0":2},"b":{}}
,"/Users/alissonaoki/repo/crud_api/src/adapters/presentation/controllers/helpers/http-helper.ts": {"path":"/Users/alissonaoki/repo/crud_api/src/adapters/presentation/controllers/helpers/http-helper.ts","statementMap":{"0":{"start":{"line":2,"column":0},"end":{"line":2,"column":52}},"1":{"start":{"line":4,"column":26},"end":{"line":7,"column":2}},"2":{"start":{"line":4,"column":59},"end":{"line":7,"column":2}},"3":{"start":{"line":4,"column":13},"end":{"line":4,"column":26}},"4":{"start":{"line":9,"column":18},"end":{"line":12,"column":2}},"5":{"start":{"line":9,"column":48},"end":{"line":12,"column":2}},"6":{"start":{"line":9,"column":13},"end":{"line":9,"column":18}},"7":{"start":{"line":14,"column":27},"end":{"line":17,"column":2}},"8":{"start":{"line":14,"column":62},"end":{"line":17,"column":2}},"9":{"start":{"line":14,"column":13},"end":{"line":14,"column":27}}},"fnMap":{"0":{"name":"(anonymous_0)","decl":{"start":{"line":4,"column":26},"end":{"line":4,"column":27}},"loc":{"start":{"line":4,"column":59},"end":{"line":7,"column":2}}},"1":{"name":"(anonymous_1)","decl":{"start":{"line":9,"column":18},"end":{"line":9,"column":19}},"loc":{"start":{"line":9,"column":48},"end":{"line":12,"column":2}}},"2":{"name":"(anonymous_2)","decl":{"start":{"line":14,"column":27},"end":{"line":14,"column":28}},"loc":{"start":{"line":14,"column":62},"end":{"line":17,"column":2}}}},"branchMap":{},"s":{"0":5,"1":5,"2":4,"3":5,"4":5,"5":3,"6":5,"7":5,"8":2,"9":5},"f":{"0":4,"1":3,"2":2},"b":{}}
,"/Users/alissonaoki/repo/crud_api/src/entities/user/email.ts": {"path":"/Users/alissonaoki/repo/crud_api/src/entities/user/email.ts","statementMap":{"0":{"start":{"line":1,"column":0},"end":{"line":1,"column":57}},"1":{"start":{"line":2,"column":0},"end":{"line":2,"column":58}},"2":{"start":{"line":8,"column":4},"end":{"line":8,"column":null}},"3":{"start":{"line":9,"column":4},"end":{"line":9,"column":null}},"4":{"start":{"line":13,"column":4},"end":{"line":15,"column":null}},"5":{"start":{"line":14,"column":6},"end":{"line":14,"column":null}},"6":{"start":{"line":16,"column":4},"end":{"line":16,"column":null}},"7":{"start":{"line":20,"column":4},"end":{"line":20,"column":null}},"8":{"start":{"line":24,"column":17},"end":{"line":24,"column":144}},"9":{"start":{"line":25,"column":4},"end":{"line":27,"column":null}},"10":{"start":{"line":26,"column":6},"end":{"line":26,"column":null}},"11":{"start":{"line":28,"column":4},"end":{"line":30,"column":null}},"12":{"start":{"line":29,"column":6},"end":{"line":29,"column":null}},"13":{"start":{"line":31,"column":4},"end":{"line":33,"column":null}},"14":{"start":{"line":32,"column":6},"end":{"line":32,"column":null}},"15":{"start":{"line":34,"column":29},"end":{"line":34,"column":45}},"16":{"start":{"line":35,"column":4},"end":{"line":37,"column":null}},"17":{"start":{"line":36,"column":6},"end":{"line":36,"column":null}},"18":{"start":{"line":38,"column":22},"end":{"line":38,"column":40}},"19":{"start":{"line":39,"column":4},"end":{"line":43,"column":null}},"20":{"start":{"line":40,"column":6},"end":{"line":40,"column":null}},"21":{"start":{"line":42,"column":6},"end":{"line":42,"column":null}},"22":{"start":{"line":44,"column":4},"end":{"line":44,"column":null}},"23":{"start":{"line":4,"column":0},"end":{"line":4,"column":13}}},"fnMap":{"0":{"name":"(anonymous_0)","decl":{"start":{"line":7,"column":2},"end":{"line":7,"column":23}},"loc":{"start":{"line":7,"column":36},"end":{"line":10,"column":3}}},"1":{"name":"(anonymous_1)","decl":{"start":{"line":12,"column":2},"end":{"line":12,"column":8}},"loc":{"start":{"line":12,"column":30},"end":{"line":17,"column":3}}},"2":{"name":"(anonymous_2)","decl":{"start":{"line":19,"column":2},"end":{"line":19,"column":6}},"loc":{"start":{"line":19,"column":11},"end":{"line":21,"column":3}}},"3":{"name":"(anonymous_3)","decl":{"start":{"line":23,"column":2},"end":{"line":23,"column":8}},"loc":{"start":{"line":23,"column":32},"end":{"line":45,"column":3}}},"4":{"name":"(anonymous_4)","decl":{"start":{"line":39,"column":25},"end":{"line":39,"column":35}},"loc":{"start":{"line":39,"column":39},"end":{"line":41,"column":5}}}},"branchMap":{"0":{"loc":{"start":{"line":13,"column":4},"end":{"line":15,"column":null}},"type":"if","locations":[{"start":{"line":13,"column":4},"end":{"line":15,"column":null}}]},"1":{"loc":{"start":{"line":25,"column":4},"end":{"line":27,"column":null}},"type":"if","locations":[{"start":{"line":25,"column":4},"end":{"line":27,"column":null}}]},"2":{"loc":{"start":{"line":28,"column":4},"end":{"line":30,"column":null}},"type":"if","locations":[{"start":{"line":28,"column":4},"end":{"line":30,"column":null}}]},"3":{"loc":{"start":{"line":31,"column":4},"end":{"line":33,"column":null}},"type":"if","locations":[{"start":{"line":31,"column":4},"end":{"line":33,"column":null}}]},"4":{"loc":{"start":{"line":35,"column":4},"end":{"line":37,"column":null}},"type":"if","locations":[{"start":{"line":35,"column":4},"end":{"line":37,"column":null}}]},"5":{"loc":{"start":{"line":39,"column":4},"end":{"line":43,"column":null}},"type":"if","locations":[{"start":{"line":39,"column":4},"end":{"line":43,"column":null}}]}},"s":{"0":8,"1":8,"2":10,"3":10,"4":14,"5":4,"6":10,"7":7,"8":23,"9":23,"10":2,"11":21,"12":1,"13":20,"14":8,"15":12,"16":12,"17":1,"18":11,"19":11,"20":22,"21":0,"22":11,"23":8},"f":{"0":10,"1":14,"2":7,"3":23,"4":22},"b":{"0":[4],"1":[2],"2":[1],"3":[8],"4":[1],"5":[0]}}
,"/Users/alissonaoki/repo/crud_api/src/entities/user/name.ts": {"path":"/Users/alissonaoki/repo/crud_api/src/entities/user/name.ts","statementMap":{"0":{"start":{"line":1,"column":0},"end":{"line":1,"column":57}},"1":{"start":{"line":2,"column":0},"end":{"line":2,"column":56}},"2":{"start":{"line":8,"column":4},"end":{"line":8,"column":null}},"3":{"start":{"line":9,"column":4},"end":{"line":9,"column":null}},"4":{"start":{"line":13,"column":4},"end":{"line":15,"column":null}},"5":{"start":{"line":14,"column":6},"end":{"line":14,"column":null}},"6":{"start":{"line":16,"column":4},"end":{"line":16,"column":null}},"7":{"start":{"line":20,"column":4},"end":{"line":20,"column":null}},"8":{"start":{"line":24,"column":4},"end":{"line":26,"column":null}},"9":{"start":{"line":25,"column":6},"end":{"line":25,"column":null}},"10":{"start":{"line":27,"column":4},"end":{"line":27,"column":null}},"11":{"start":{"line":4,"column":0},"end":{"line":4,"column":13}}},"fnMap":{"0":{"name":"(anonymous_0)","decl":{"start":{"line":7,"column":2},"end":{"line":7,"column":23}},"loc":{"start":{"line":7,"column":35},"end":{"line":10,"column":3}}},"1":{"name":"(anonymous_1)","decl":{"start":{"line":12,"column":2},"end":{"line":12,"column":8}},"loc":{"start":{"line":12,"column":29},"end":{"line":17,"column":3}}},"2":{"name":"(anonymous_2)","decl":{"start":{"line":19,"column":2},"end":{"line":19,"column":6}},"loc":{"start":{"line":19,"column":11},"end":{"line":21,"column":3}}},"3":{"name":"(anonymous_3)","decl":{"start":{"line":23,"column":2},"end":{"line":23,"column":8}},"loc":{"start":{"line":23,"column":31},"end":{"line":28,"column":3}}}},"branchMap":{"0":{"loc":{"start":{"line":13,"column":4},"end":{"line":15,"column":null}},"type":"if","locations":[{"start":{"line":13,"column":4},"end":{"line":15,"column":null}}]},"1":{"loc":{"start":{"line":24,"column":4},"end":{"line":26,"column":null}},"type":"if","locations":[{"start":{"line":24,"column":4},"end":{"line":26,"column":null}}]},"2":{"loc":{"start":{"line":24,"column":8},"end":{"line":24,"column":67}},"type":"binary-expr","locations":[{"start":{"line":24,"column":8},"end":{"line":24,"column":13}},{"start":{"line":24,"column":17},"end":{"line":24,"column":39}},{"start":{"line":24,"column":43},"end":{"line":24,"column":67}}]}},"s":{"0":7,"1":7,"2":9,"3":9,"4":14,"5":5,"6":9,"7":8,"8":14,"9":5,"10":9,"11":7},"f":{"0":9,"1":14,"2":8,"3":14},"b":{"0":[5],"1":[5],"2":[14,13,10]}}
,"/Users/alissonaoki/repo/crud_api/src/entities/user/user.ts": {"path":"/Users/alissonaoki/repo/crud_api/src/entities/user/user.ts","statementMap":{"0":{"start":{"line":2,"column":0},"end":{"line":2,"column":31}},"1":{"start":{"line":3,"column":0},"end":{"line":3,"column":29}},"2":{"start":{"line":5,"column":0},"end":{"line":5,"column":57}},"3":{"start":{"line":13,"column":4},"end":{"line":13,"column":null}},"4":{"start":{"line":14,"column":4},"end":{"line":14,"column":null}},"5":{"start":{"line":15,"column":4},"end":{"line":15,"column":null}},"6":{"start":{"line":19,"column":56},"end":{"line":19,"column":82}},"7":{"start":{"line":20,"column":59},"end":{"line":20,"column":87}},"8":{"start":{"line":21,"column":4},"end":{"line":23,"column":null}},"9":{"start":{"line":22,"column":6},"end":{"line":22,"column":null}},"10":{"start":{"line":24,"column":4},"end":{"line":26,"column":null}},"11":{"start":{"line":25,"column":6},"end":{"line":25,"column":null}},"12":{"start":{"line":27,"column":23},"end":{"line":27,"column":40}},"13":{"start":{"line":28,"column":25},"end":{"line":28,"column":43}},"14":{"start":{"line":29,"column":4},"end":{"line":29,"column":null}},"15":{"start":{"line":8,"column":0},"end":{"line":8,"column":13}}},"fnMap":{"0":{"name":"(anonymous_0)","decl":{"start":{"line":12,"column":2},"end":{"line":12,"column":23}},"loc":{"start":{"line":12,"column":47},"end":{"line":16,"column":3}}},"1":{"name":"(anonymous_1)","decl":{"start":{"line":18,"column":2},"end":{"line":18,"column":8}},"loc":{"start":{"line":18,"column":35},"end":{"line":30,"column":3}}}},"branchMap":{"0":{"loc":{"start":{"line":21,"column":4},"end":{"line":23,"column":null}},"type":"if","locations":[{"start":{"line":21,"column":4},"end":{"line":23,"column":null}}]},"1":{"loc":{"start":{"line":24,"column":4},"end":{"line":26,"column":null}},"type":"if","locations":[{"start":{"line":24,"column":4},"end":{"line":26,"column":null}}]}},"s":{"0":7,"1":7,"2":7,"3":5,"4":5,"5":5,"6":14,"7":14,"8":14,"9":5,"10":9,"11":4,"12":5,"13":5,"14":5,"15":7},"f":{"0":5,"1":14},"b":{"0":[5],"1":[4]}}
,"/Users/alissonaoki/repo/crud_api/src/entities/user/errors/invalid-email.ts": {"path":"/Users/alissonaoki/repo/crud_api/src/entities/user/errors/invalid-email.ts","statementMap":{"0":{"start":{"line":3,"column":4},"end":{"line":3,"column":null}},"1":{"start":{"line":4,"column":4},"end":{"line":4,"column":null}},"2":{"start":{"line":1,"column":0},"end":{"line":1,"column":13}}},"fnMap":{"0":{"name":"(anonymous_0)","decl":{"start":{"line":2,"column":2},"end":{"line":2,"column":15}},"loc":{"start":{"line":2,"column":28},"end":{"line":5,"column":3}}}},"branchMap":{},"s":{"0":9,"1":9,"2":9},"f":{"0":9},"b":{}}
,"/Users/alissonaoki/repo/crud_api/src/entities/user/errors/invalid-name.ts": {"path":"/Users/alissonaoki/repo/crud_api/src/entities/user/errors/invalid-name.ts","statementMap":{"0":{"start":{"line":3,"column":4},"end":{"line":3,"column":null}},"1":{"start":{"line":4,"column":4},"end":{"line":4,"column":null}},"2":{"start":{"line":1,"column":0},"end":{"line":1,"column":13}}},"fnMap":{"0":{"name":"(anonymous_0)","decl":{"start":{"line":2,"column":2},"end":{"line":2,"column":15}},"loc":{"start":{"line":2,"column":27},"end":{"line":5,"column":3}}}},"branchMap":{},"s":{"0":12,"1":12,"2":8},"f":{"0":12},"b":{}}
,"/Users/alissonaoki/repo/crud_api/src/external/mail-services/nodemailler-email-service.ts": {"path":"/Users/alissonaoki/repo/crud_api/src/external/mail-services/nodemailler-email-service.ts","statementMap":{"0":{"start":{"line":2,"column":0},"end":{"line":2,"column":40}},"1":{"start":{"line":3,"column":0},"end":{"line":3,"column":57}},"2":{"start":{"line":4,"column":0},"end":{"line":4,"column":75}},"3":{"start":{"line":8,"column":4},"end":{"line":27,"column":null}},"4":{"start":{"line":9,"column":26},"end":{"line":16,"column":8}},"5":{"start":{"line":17,"column":6},"end":{"line":24,"column":null}},"6":{"start":{"line":26,"column":6},"end":{"line":26,"column":null}},"7":{"start":{"line":28,"column":4},"end":{"line":28,"column":null}},"8":{"start":{"line":6,"column":0},"end":{"line":6,"column":13}}},"fnMap":{"0":{"name":"(anonymous_6)","decl":{"start":{"line":7,"column":2},"end":{"line":7,"column":7}},"loc":{"start":{"line":7,"column":35},"end":{"line":29,"column":3}}}},"branchMap":{},"s":{"0":5,"1":5,"2":5,"3":4,"4":4,"5":4,"6":1,"7":3,"8":5},"f":{"0":4},"b":{}}
,"/Users/alissonaoki/repo/crud_api/src/external/repositories/mongodb/mongodb-user-repository.ts": {"path":"/Users/alissonaoki/repo/crud_api/src/external/repositories/mongodb/mongodb-user-repository.ts","statementMap":{"0":{"start":{"line":3,"column":0},"end":{"line":3,"column":52}},"1":{"start":{"line":7,"column":4},"end":{"line":7,"column":null}},"2":{"start":{"line":11,"column":27},"end":{"line":11,"column":61}},"3":{"start":{"line":12,"column":19},"end":{"line":12,"column":65}},"4":{"start":{"line":13,"column":4},"end":{"line":13,"column":null}},"5":{"start":{"line":17,"column":27},"end":{"line":17,"column":61}},"6":{"start":{"line":18,"column":19},"end":{"line":18,"column":48}},"7":{"start":{"line":19,"column":4},"end":{"line":21,"column":null}},"8":{"start":{"line":20,"column":6},"end":{"line":20,"column":null}},"9":{"start":{"line":25,"column":19},"end":{"line":25,"column":52}},"10":{"start":{"line":26,"column":4},"end":{"line":30,"column":null}},"11":{"start":{"line":27,"column":6},"end":{"line":29,"column":null}},"12":{"start":{"line":28,"column":8},"end":{"line":28,"column":null}},"13":{"start":{"line":31,"column":4},"end":{"line":31,"column":null}},"14":{"start":{"line":5,"column":0},"end":{"line":5,"column":13}}},"fnMap":{"0":{"name":"(anonymous_0)","decl":{"start":{"line":6,"column":2},"end":{"line":6,"column":7}},"loc":{"start":{"line":6,"column":20},"end":{"line":8,"column":3}}},"1":{"name":"(anonymous_1)","decl":{"start":{"line":10,"column":2},"end":{"line":10,"column":7}},"loc":{"start":{"line":10,"column":38},"end":{"line":14,"column":3}}},"2":{"name":"(anonymous_2)","decl":{"start":{"line":16,"column":2},"end":{"line":16,"column":7}},"loc":{"start":{"line":16,"column":27},"end":{"line":22,"column":3}}},"3":{"name":"(anonymous_3)","decl":{"start":{"line":24,"column":2},"end":{"line":24,"column":7}},"loc":{"start":{"line":24,"column":29},"end":{"line":32,"column":3}}}},"branchMap":{"0":{"loc":{"start":{"line":19,"column":4},"end":{"line":21,"column":null}},"type":"if","locations":[{"start":{"line":19,"column":4},"end":{"line":21,"column":null}}]},"1":{"loc":{"start":{"line":26,"column":4},"end":{"line":30,"column":null}},"type":"if","locations":[{"start":{"line":26,"column":4},"end":{"line":30,"column":null}}]},"2":{"loc":{"start":{"line":27,"column":6},"end":{"line":29,"column":null}},"type":"if","locations":[{"start":{"line":27,"column":6},"end":{"line":29,"column":null}}]}},"s":{"0":5,"1":1,"2":9,"3":9,"4":9,"5":5,"6":5,"7":5,"8":5,"9":8,"10":8,"11":1,"12":1,"13":7,"14":5},"f":{"0":1,"1":9,"2":5,"3":8},"b":{"0":[5],"1":[1],"2":[1]}}
,"/Users/alissonaoki/repo/crud_api/src/external/repositories/mongodb/helpers/mongo-helper.ts": {"path":"/Users/alissonaoki/repo/crud_api/src/external/repositories/mongodb/helpers/mongo-helper.ts","statementMap":{"0":{"start":{"line":1,"column":0},"end":{"line":1,"column":49}},"1":{"start":{"line":3,"column":13},"end":{"line":20,"column":null}},"2":{"start":{"line":6,"column":4},"end":{"line":9,"column":null}},"3":{"start":{"line":12,"column":4},"end":{"line":12,"column":null}},"4":{"start":{"line":15,"column":4},"end":{"line":15,"column":null}},"5":{"start":{"line":18,"column":4},"end":{"line":18,"column":null}}},"fnMap":{"0":{"name":"(anonymous_0)","decl":{"start":{"line":5,"column":2},"end":{"line":5,"column":7}},"loc":{"start":{"line":5,"column":28},"end":{"line":10,"column":3}}},"1":{"name":"(anonymous_1)","decl":{"start":{"line":11,"column":2},"end":{"line":11,"column":7}},"loc":{"start":{"line":11,"column":18},"end":{"line":13,"column":3}}},"2":{"name":"(anonymous_2)","decl":{"start":{"line":14,"column":2},"end":{"line":14,"column":15}},"loc":{"start":{"line":14,"column":29},"end":{"line":16,"column":3}}},"3":{"name":"(anonymous_3)","decl":{"start":{"line":17,"column":2},"end":{"line":17,"column":17}},"loc":{"start":{"line":17,"column":31},"end":{"line":19,"column":3}}}},"branchMap":{},"s":{"0":5,"1":5,"2":2,"3":2,"4":15,"5":5},"f":{"0":2,"1":2,"2":15,"3":5},"b":{}}
,"/Users/alissonaoki/repo/crud_api/src/shared/either.ts": {"path":"/Users/alissonaoki/repo/crud_api/src/shared/either.ts","statementMap":{"0":{"start":{"line":7,"column":4},"end":{"line":7,"column":null}},"1":{"start":{"line":11,"column":4},"end":{"line":11,"column":null}},"2":{"start":{"line":15,"column":4},"end":{"line":15,"column":null}},"3":{"start":{"line":3,"column":0},"end":{"line":3,"column":13}},"4":{"start":{"line":23,"column":4},"end":{"line":23,"column":null}},"5":{"start":{"line":27,"column":4},"end":{"line":27,"column":null}},"6":{"start":{"line":31,"column":4},"end":{"line":31,"column":null}},"7":{"start":{"line":19,"column":0},"end":{"line":19,"column":13}},"8":{"start":{"line":35,"column":20},"end":{"line":37,"column":1}},"9":{"start":{"line":36,"column":2},"end":{"line":36,"column":null}},"10":{"start":{"line":35,"column":13},"end":{"line":35,"column":20}},"11":{"start":{"line":39,"column":21},"end":{"line":41,"column":1}},"12":{"start":{"line":40,"column":2},"end":{"line":40,"column":null}},"13":{"start":{"line":39,"column":13},"end":{"line":39,"column":21}}},"fnMap":{"0":{"name":"(anonymous_0)","decl":{"start":{"line":6,"column":2},"end":{"line":6,"column":15}},"loc":{"start":{"line":6,"column":23},"end":{"line":8,"column":3}}},"1":{"name":"(anonymous_1)","decl":{"start":{"line":10,"column":2},"end":{"line":10,"column":8}},"loc":{"start":{"line":10,"column":8},"end":{"line":12,"column":3}}},"2":{"name":"(anonymous_2)","decl":{"start":{"line":14,"column":2},"end":{"line":14,"column":9}},"loc":{"start":{"line":14,"column":9},"end":{"line":16,"column":3}}},"3":{"name":"(anonymous_3)","decl":{"start":{"line":22,"column":2},"end":{"line":22,"column":15}},"loc":{"start":{"line":22,"column":23},"end":{"line":24,"column":3}}},"4":{"name":"(anonymous_4)","decl":{"start":{"line":26,"column":2},"end":{"line":26,"column":8}},"loc":{"start":{"line":26,"column":8},"end":{"line":28,"column":3}}},"5":{"name":"(anonymous_5)","decl":{"start":{"line":30,"column":2},"end":{"line":30,"column":9}},"loc":{"start":{"line":30,"column":9},"end":{"line":32,"column":3}}},"6":{"name":"(anonymous_6)","decl":{"start":{"line":35,"column":20},"end":{"line":35,"column":27}},"loc":{"start":{"line":35,"column":49},"end":{"line":37,"column":1}}},"7":{"name":"(anonymous_7)","decl":{"start":{"line":39,"column":21},"end":{"line":39,"column":28}},"loc":{"start":{"line":39,"column":50},"end":{"line":41,"column":1}}}},"branchMap":{},"s":{"0":32,"1":18,"2":0,"3":10,"4":37,"5":28,"6":1,"7":10,"8":10,"9":32,"10":10,"11":10,"12":37,"13":10},"f":{"0":32,"1":18,"2":0,"3":37,"4":28,"5":1,"6":32,"7":37},"b":{}}
,"/Users/alissonaoki/repo/crud_api/src/usecases/errors/mail-service-error.ts": {"path":"/Users/alissonaoki/repo/crud_api/src/usecases/errors/mail-service-error.ts","statementMap":{"0":{"start":{"line":3,"column":4},"end":{"line":3,"column":null}},"1":{"start":{"line":4,"column":4},"end":{"line":4,"column":null}},"2":{"start":{"line":1,"column":0},"end":{"line":1,"column":13}}},"fnMap":{"0":{"name":"(anonymous_0)","decl":{"start":{"line":2,"column":2},"end":{"line":2,"column":null}},"loc":{"start":{"line":2,"column":2},"end":{"line":5,"column":3}}}},"branchMap":{},"s":{"0":3,"1":3,"2":6},"f":{"0":3},"b":{}}
,"/Users/alissonaoki/repo/crud_api/src/usecases/register-user-on-mailing-list/register-user-on-mailing-list.ts": {"path":"/Users/alissonaoki/repo/crud_api/src/usecases/register-user-on-mailing-list/register-user-on-mailing-list.ts","statementMap":{"0":{"start":{"line":3,"column":0},"end":{"line":3,"column":57}},"1":{"start":{"line":6,"column":0},"end":{"line":6,"column":47}},"2":{"start":{"line":14,"column":4},"end":{"line":14,"column":null}},"3":{"start":{"line":18,"column":76},"end":{"line":18,"column":97}},"4":{"start":{"line":19,"column":4},"end":{"line":21,"column":null}},"5":{"start":{"line":20,"column":6},"end":{"line":20,"column":null}},"6":{"start":{"line":22,"column":23},"end":{"line":22,"column":40}},"7":{"start":{"line":23,"column":19},"end":{"line":23,"column":63}},"8":{"start":{"line":24,"column":4},"end":{"line":26,"column":null}},"9":{"start":{"line":25,"column":6},"end":{"line":25,"column":null}},"10":{"start":{"line":27,"column":4},"end":{"line":27,"column":null}},"11":{"start":{"line":10,"column":0},"end":{"line":10,"column":13}}},"fnMap":{"0":{"name":"(anonymous_0)","decl":{"start":{"line":13,"column":2},"end":{"line":13,"column":15}},"loc":{"start":{"line":13,"column":39},"end":{"line":15,"column":3}}},"1":{"name":"(anonymous_1)","decl":{"start":{"line":17,"column":2},"end":{"line":17,"column":7}},"loc":{"start":{"line":17,"column":53},"end":{"line":28,"column":3}}}},"branchMap":{"0":{"loc":{"start":{"line":19,"column":4},"end":{"line":21,"column":null}},"type":"if","locations":[{"start":{"line":19,"column":4},"end":{"line":21,"column":null}}]},"1":{"loc":{"start":{"line":24,"column":4},"end":{"line":26,"column":null}},"type":"if","locations":[{"start":{"line":24,"column":4},"end":{"line":26,"column":null}}]}},"s":{"0":5,"1":5,"2":9,"3":6,"4":6,"5":4,"6":2,"7":2,"8":2,"9":2,"10":2,"11":5},"f":{"0":9,"1":6},"b":{"0":[4],"1":[2]}}
,"/Users/alissonaoki/repo/crud_api/src/usecases/register-user-on-mailing-list/in-memory-user-repository/in-memory-user-repository.ts": {"path":"/Users/alissonaoki/repo/crud_api/src/usecases/register-user-on-mailing-list/in-memory-user-repository/in-memory-user-repository.ts","statementMap":{"0":{"start":{"line":5,"column":2},"end":{"line":5,"column":null}},"1":{"start":{"line":7,"column":4},"end":{"line":7,"column":null}},"2":{"start":{"line":11,"column":4},"end":{"line":11,"column":null}},"3":{"start":{"line":16,"column":4},"end":{"line":20,"column":null}},"4":{"start":{"line":17,"column":6},"end":{"line":19,"column":null}},"5":{"start":{"line":18,"column":8},"end":{"line":18,"column":null}},"6":{"start":{"line":21,"column":4},"end":{"line":21,"column":null}},"7":{"start":{"line":25,"column":4},"end":{"line":27,"column":null}},"8":{"start":{"line":26,"column":6},"end":{"line":26,"column":null}},"9":{"start":{"line":28,"column":4},"end":{"line":28,"column":null}},"10":{"start":{"line":32,"column":19},"end":{"line":32,"column":48}},"11":{"start":{"line":33,"column":4},"end":{"line":35,"column":null}},"12":{"start":{"line":34,"column":6},"end":{"line":34,"column":null}},"13":{"start":{"line":4,"column":0},"end":{"line":4,"column":13}}},"fnMap":{"0":{"name":"(anonymous_0)","decl":{"start":{"line":6,"column":2},"end":{"line":6,"column":15}},"loc":{"start":{"line":6,"column":32},"end":{"line":8,"column":3}}},"1":{"name":"(anonymous_1)","decl":{"start":{"line":10,"column":2},"end":{"line":10,"column":7}},"loc":{"start":{"line":10,"column":20},"end":{"line":12,"column":3}}},"2":{"name":"(anonymous_2)","decl":{"start":{"line":14,"column":2},"end":{"line":14,"column":7}},"loc":{"start":{"line":14,"column":38},"end":{"line":22,"column":3}}},"3":{"name":"(anonymous_3)","decl":{"start":{"line":24,"column":2},"end":{"line":24,"column":7}},"loc":{"start":{"line":24,"column":29},"end":{"line":29,"column":3}}},"4":{"name":"(anonymous_4)","decl":{"start":{"line":31,"column":2},"end":{"line":31,"column":7}},"loc":{"start":{"line":31,"column":27},"end":{"line":36,"column":3}}}},"branchMap":{"0":{"loc":{"start":{"line":17,"column":6},"end":{"line":19,"column":null}},"type":"if","locations":[{"start":{"line":17,"column":6},"end":{"line":19,"column":null}}]},"1":{"loc":{"start":{"line":25,"column":4},"end":{"line":27,"column":null}},"type":"if","locations":[{"start":{"line":25,"column":4},"end":{"line":27,"column":null}}]},"2":{"loc":{"start":{"line":33,"column":4},"end":{"line":35,"column":null}},"type":"if","locations":[{"start":{"line":33,"column":4},"end":{"line":35,"column":null}}]}},"s":{"0":8,"1":8,"2":0,"3":7,"4":3,"5":3,"6":4,"7":3,"8":3,"9":0,"10":2,"11":2,"12":2,"13":2},"f":{"0":8,"1":0,"2":7,"3":3,"4":2},"b":{"0":[3],"1":[3],"2":[2]}}
,"/Users/alissonaoki/repo/crud_api/src/usecases/send-email-to-user-with-bonus/send-email-to-user-with-bonus.ts": {"path":"/Users/alissonaoki/repo/crud_api/src/usecases/send-email-to-user-with-bonus/send-email-to-user-with-bonus.ts","statementMap":{"0":{"start":{"line":2,"column":0},"end":{"line":2,"column":63}},"1":{"start":{"line":4,"column":0},"end":{"line":4,"column":57}},"2":{"start":{"line":7,"column":0},"end":{"line":7,"column":47}},"3":{"start":{"line":15,"column":4},"end":{"line":15,"column":null}},"4":{"start":{"line":16,"column":4},"end":{"line":16,"column":null}},"5":{"start":{"line":20,"column":76},"end":{"line":20,"column":97}},"6":{"start":{"line":21,"column":4},"end":{"line":23,"column":null}},"7":{"start":{"line":22,"column":6},"end":{"line":22,"column":null}},"8":{"start":{"line":24,"column":23},"end":{"line":24,"column":40}},"9":{"start":{"line":25,"column":22},"end":{"line":25,"column":68}},"10":{"start":{"line":26,"column":27},"end":{"line":26,"column":74}},"11":{"start":{"line":27,"column":20},"end":{"line":38,"column":null}},"12":{"start":{"line":39,"column":57},"end":{"line":39,"column":93}},"13":{"start":{"line":40,"column":4},"end":{"line":40,"column":null}},"14":{"start":{"line":41,"column":4},"end":{"line":43,"column":null}},"15":{"start":{"line":42,"column":6},"end":{"line":42,"column":null}},"16":{"start":{"line":44,"column":4},"end":{"line":44,"column":null}},"17":{"start":{"line":11,"column":0},"end":{"line":11,"column":13}}},"fnMap":{"0":{"name":"(anonymous_0)","decl":{"start":{"line":14,"column":2},"end":{"line":14,"column":15}},"loc":{"start":{"line":14,"column":67},"end":{"line":17,"column":3}}},"1":{"name":"(anonymous_1)","decl":{"start":{"line":19,"column":2},"end":{"line":19,"column":7}},"loc":{"start":{"line":19,"column":52},"end":{"line":45,"column":3}}}},"branchMap":{"0":{"loc":{"start":{"line":21,"column":4},"end":{"line":23,"column":null}},"type":"if","locations":[{"start":{"line":21,"column":4},"end":{"line":23,"column":null}}]},"1":{"loc":{"start":{"line":41,"column":4},"end":{"line":43,"column":null}},"type":"if","locations":[{"start":{"line":41,"column":4},"end":{"line":43,"column":null}}]}},"s":{"0":5,"1":5,"2":5,"3":7,"4":7,"5":4,"6":4,"7":1,"8":3,"9":3,"10":3,"11":3,"12":3,"13":3,"14":3,"15":1,"16":2,"17":5},"f":{"0":7,"1":4},"b":{"0":[1],"1":[1]}}
}
