TN:
SF:src/adapters/presentation/controllers/register-user-controller.ts
FN:13,(anonymous_0)
FN:18,(anonymous_1)
FNF:2
FNH:2
FNDA:12,(anonymous_0)
FNDA:9,(anonymous_1)
DA:2,5
DA:3,5
DA:9,5
DA:14,12
DA:15,12
DA:19,9
DA:20,9
DA:21,2
DA:22,2
DA:24,7
DA:25,7
DA:26,6
DA:27,2
DA:29,4
DA:30,3
DA:31,0
DA:33,3
DA:35,2
LF:18
LH:17
BRDA:20,0,0,2
BRDA:20,1,0,9
BRDA:20,1,1,8
BRDA:21,2,0,1
BRDA:21,2,1,1
BRDA:26,3,0,2
BRDA:30,4,0,0
BRF:7
BRH:6
end_of_record
TN:
SF:src/adapters/presentation/controllers/errors/index.ts
FNF:0
FNH:0
DA:1,1
DA:2,1
LF:2
LH:2
BRF:0
BRH:0
end_of_record
TN:
SF:src/adapters/presentation/controllers/errors/missing-param-error.ts
FN:2,(anonymous_0)
FNF:1
FNH:1
FNDA:4,(anonymous_0)
DA:1,5
DA:3,4
DA:4,4
LF:3
LH:3
BRF:0
BRH:0
end_of_record
TN:
SF:src/adapters/presentation/controllers/errors/server-error.ts
FN:2,(anonymous_0)
FNF:1
FNH:1
FNDA:2,(anonymous_0)
DA:1,5
DA:3,2
DA:4,2
LF:3
LH:3
BRF:0
BRH:0
end_of_record
TN:
SF:src/adapters/presentation/controllers/helpers/http-helper.ts
FN:4,(anonymous_0)
FN:9,(anonymous_1)
FN:14,(anonymous_2)
FNF:3
FNH:3
FNDA:4,(anonymous_0)
FNDA:3,(anonymous_1)
FNDA:2,(anonymous_2)
DA:2,5
DA:4,5
DA:9,5
DA:14,5
LF:4
LH:4
BRF:0
BRH:0
end_of_record
TN:
SF:src/entities/user/email.ts
FN:7,(anonymous_0)
FN:12,(anonymous_1)
FN:19,(anonymous_2)
FN:23,(anonymous_3)
FN:39,(anonymous_4)
FNF:5
FNH:5
FNDA:10,(anonymous_0)
FNDA:14,(anonymous_1)
FNDA:7,(anonymous_2)
FNDA:23,(anonymous_3)
FNDA:22,(anonymous_4)
DA:1,8
DA:2,8
DA:4,8
DA:8,10
DA:9,10
DA:13,14
DA:14,4
DA:16,10
DA:20,7
DA:24,23
DA:25,23
DA:26,2
DA:28,21
DA:29,1
DA:31,20
DA:32,8
DA:34,12
DA:35,12
DA:36,1
DA:38,11
DA:39,11
DA:40,22
DA:42,0
DA:44,11
LF:24
LH:23
BRDA:13,0,0,4
BRDA:25,1,0,2
BRDA:28,2,0,1
BRDA:31,3,0,8
BRDA:35,4,0,1
BRDA:39,5,0,0
BRF:6
BRH:5
end_of_record
TN:
SF:src/entities/user/name.ts
FN:7,(anonymous_0)
FN:12,(anonymous_1)
FN:19,(anonymous_2)
FN:23,(anonymous_3)
FNF:4
FNH:4
FNDA:9,(anonymous_0)
FNDA:14,(anonymous_1)
FNDA:8,(anonymous_2)
FNDA:14,(anonymous_3)
DA:1,7
DA:2,7
DA:4,7
DA:8,9
DA:9,9
DA:13,14
DA:14,5
DA:16,9
DA:20,8
DA:24,14
DA:25,5
DA:27,9
LF:12
LH:12
BRDA:13,0,0,5
BRDA:24,1,0,5
BRDA:24,2,0,14
BRDA:24,2,1,13
BRDA:24,2,2,10
BRF:5
BRH:5
end_of_record
TN:
SF:src/entities/user/user.ts
FN:12,(anonymous_0)
FN:18,(anonymous_1)
FNF:2
FNH:2
FNDA:5,(anonymous_0)
FNDA:14,(anonymous_1)
DA:2,7
DA:3,7
DA:5,7
DA:8,7
DA:13,5
DA:14,5
DA:15,5
DA:19,14
DA:20,14
DA:21,14
DA:22,5
DA:24,9
DA:25,4
DA:27,5
DA:28,5
DA:29,5
LF:16
LH:16
BRDA:21,0,0,5
BRDA:24,1,0,4
BRF:2
BRH:2
end_of_record
TN:
SF:src/entities/user/errors/invalid-email.ts
FN:2,(anonymous_0)
FNF:1
FNH:1
FNDA:9,(anonymous_0)
DA:1,9
DA:3,9
DA:4,9
LF:3
LH:3
BRF:0
BRH:0
end_of_record
TN:
SF:src/entities/user/errors/invalid-name.ts
FN:2,(anonymous_0)
FNF:1
FNH:1
FNDA:12,(anonymous_0)
DA:1,8
DA:3,12
DA:4,12
LF:3
LH:3
BRF:0
BRH:0
end_of_record
TN:
SF:src/external/mail-services/nodemailler-email-service.ts
FN:7,(anonymous_6)
FNF:1
FNH:1
FNDA:4,(anonymous_6)
DA:2,5
DA:3,5
DA:4,5
DA:6,5
DA:8,4
DA:9,4
DA:17,4
DA:26,1
DA:28,3
LF:9
LH:9
BRF:0
BRH:0
end_of_record
TN:
SF:src/external/repositories/mongodb/mongodb-user-repository.ts
FN:6,(anonymous_0)
FN:10,(anonymous_1)
FN:16,(anonymous_2)
FN:24,(anonymous_3)
FNF:4
FNH:4
FNDA:1,(anonymous_0)
FNDA:9,(anonymous_1)
FNDA:5,(anonymous_2)
FNDA:8,(anonymous_3)
DA:3,5
DA:5,5
DA:7,1
DA:11,9
DA:12,9
DA:13,9
DA:17,5
DA:18,5
DA:19,5
DA:20,5
DA:25,8
DA:26,8
DA:27,1
DA:28,1
DA:31,7
LF:15
LH:15
BRDA:19,0,0,5
BRDA:26,1,0,1
BRDA:27,2,0,1
BRF:3
BRH:3
end_of_record
TN:
SF:src/external/repositories/mongodb/helpers/mongo-helper.ts
FN:5,(anonymous_0)
FN:11,(anonymous_1)
FN:14,(anonymous_2)
FN:17,(anonymous_3)
FNF:4
FNH:4
FNDA:2,(anonymous_0)
FNDA:2,(anonymous_1)
FNDA:15,(anonymous_2)
FNDA:5,(anonymous_3)
DA:1,5
DA:3,5
DA:6,2
DA:12,2
DA:15,15
DA:18,5
LF:6
LH:6
BRF:0
BRH:0
end_of_record
TN:
SF:src/shared/either.ts
FN:6,(anonymous_0)
FN:10,(anonymous_1)
FN:14,(anonymous_2)
FN:22,(anonymous_3)
FN:26,(anonymous_4)
FN:30,(anonymous_5)
FN:35,(anonymous_6)
FN:39,(anonymous_7)
FNF:8
FNH:7
FNDA:32,(anonymous_0)
FNDA:18,(anonymous_1)
FNDA:0,(anonymous_2)
FNDA:37,(anonymous_3)
FNDA:28,(anonymous_4)
FNDA:1,(anonymous_5)
FNDA:32,(anonymous_6)
FNDA:37,(anonymous_7)
DA:3,10
DA:7,32
DA:11,18
DA:15,0
DA:19,10
DA:23,37
DA:27,28
DA:31,1
DA:35,10
DA:36,32
DA:39,10
DA:40,37
LF:12
LH:11
BRF:0
BRH:0
end_of_record
TN:
SF:src/usecases/errors/mail-service-error.ts
FN:2,(anonymous_0)
FNF:1
FNH:1
FNDA:3,(anonymous_0)
DA:1,6
DA:3,3
DA:4,3
LF:3
LH:3
BRF:0
BRH:0
end_of_record
TN:
SF:src/usecases/register-user-on-mailing-list/register-user-on-mailing-list.ts
FN:13,(anonymous_0)
FN:17,(anonymous_1)
FNF:2
FNH:2
FNDA:9,(anonymous_0)
FNDA:6,(anonymous_1)
DA:3,5
DA:6,5
DA:10,5
DA:14,9
DA:18,6
DA:19,6
DA:20,4
DA:22,2
DA:23,2
DA:24,2
DA:25,2
DA:27,2
LF:12
LH:12
BRDA:19,0,0,4
BRDA:24,1,0,2
BRF:2
BRH:2
end_of_record
TN:
SF:src/usecases/register-user-on-mailing-list/in-memory-user-repository/in-memory-user-repository.ts
FN:6,(anonymous_0)
FN:10,(anonymous_1)
FN:14,(anonymous_2)
FN:24,(anonymous_3)
FN:31,(anonymous_4)
FNF:5
FNH:4
FNDA:8,(anonymous_0)
FNDA:0,(anonymous_1)
FNDA:7,(anonymous_2)
FNDA:3,(anonymous_3)
FNDA:2,(anonymous_4)
DA:4,2
DA:5,8
DA:7,8
DA:11,0
DA:16,7
DA:17,3
DA:18,3
DA:21,4
DA:25,3
DA:26,3
DA:28,0
DA:32,2
DA:33,2
DA:34,2
LF:14
LH:12
BRDA:17,0,0,3
BRDA:25,1,0,3
BRDA:33,2,0,2
BRF:3
BRH:3
end_of_record
TN:
SF:src/usecases/send-email-to-user-with-bonus/send-email-to-user-with-bonus.ts
FN:14,(anonymous_0)
FN:19,(anonymous_1)
FNF:2
FNH:2
FNDA:7,(anonymous_0)
FNDA:4,(anonymous_1)
DA:2,5
DA:4,5
DA:7,5
DA:11,5
DA:15,7
DA:16,7
DA:20,4
DA:21,4
DA:22,1
DA:24,3
DA:25,3
DA:26,3
DA:27,3
DA:39,3
DA:40,3
DA:41,3
DA:42,1
DA:44,2
LF:18
LH:18
BRDA:21,0,0,1
BRDA:41,1,0,1
BRF:2
BRH:2
end_of_record
